<?xml version="1.0" encoding="UTF-8"?>
<!-- Generated by org.testng.reporters.JUnitReportReporter -->
<testsuite skipped="0" hostname="ISIPL-PUNV-L274" name="com.uiAutomation.testScripts.samplePage.TestScreenshot" tests="1" failures="0" timestamp="2022-07-07T18:34:33 IST" time="3.243" errors="0">
  <testcase name="testScreen" time="3.243" classname="com.uiAutomation.testScripts.samplePage.TestScreenshot"/>
  <system-out>
testScreen() Test Started... <a href='D:\uiAutomation\src\test\resources\screenshots\Google Home_07_07_2022_06_34_31_975.png'> <img src='D:\uiAutomation\src\test\resources\screenshots\Google Home_07_07_2022_06_34_31_975.png'height='100' width='100'/></a> testScreen() Test Passed...  </system-out>
</testsuite> <!-- com.uiAutomation.testScripts.samplePage.TestScreenshot -->
